<?xml version="1.0" encoding="UTF-8"?>
<testng-results skipped="0" failed="0" total="1" passed="1">
  <reporter-output>
  </reporter-output>
  <suite name="Command line suite" duration-ms="39" started-at="2013-04-01T01:07:32Z" finished-at="2013-04-01T01:07:32Z">
    <groups>
    </groups>
    <test name="Command line test" duration-ms="39" started-at="2013-04-01T01:07:32Z" finished-at="2013-04-01T01:07:32Z">
      <class name="com.yahoo.ycsb.TestByteIterator">
        <test-method status="PASS" signature="testRandomByteIterator()" name="testRandomByteIterator" duration-ms="18" started-at="2013-04-01T01:07:32Z" finished-at="2013-04-01T01:07:32Z">
        </test-method>
      </class>
    </test>
  </suite>
</testng-results>
